def log_payment(phone, amount, status):
    with open("logs/payments.log", "a") as f:
        f.write(f"{phone} | {amount} | {status}\n")[2026-05-09 18:13:15] [PAYMENT] STK Push sent | Phone: 0743535400 | Plan: hourly
[2026-05-09 18:13:23] [PAYMENT] STK Push sent | Phone: 0743535400 | Plan: hourly
[2026-05-09 18:13:33] [PAYMENT] STK Push sent | Phone: 0743535400 | Plan: hourly
[2026-05-09 18:13:43] [PAYMENT] STK Push sent | Phone: 0743535400 | Plan: hourly
[2026-05-09 18:14:58] [PAYMENT] STK Push sent | Phone: 0743535400 | Plan: hourly
[2026-05-09 19:02:01] [PAYMENT] STK Push sent | Phone: 254743535400 | Plan: hourly
[2026-05-09 19:02:36] [PAYMENT] STK Push sent | Phone: 254743535400 | Plan: hourly
[2026-05-09 19:04:09] [PAYMENT] STK Push sent | Phone: 254743535400 | Plan: hourly
[2026-05-09 19:04:24] [PAYMENT] STK Push sent | Phone: 254743535400 | Plan: hourly
[2026-05-09 19:05:02] [PAYMENT] STK Push sent | Phone: 254743535400 | Plan: hourly
[2026-05-09 19:05:50] [PAYMENT] STK Push sent | Phone: 254743535400 | Plan: hourly
[2026-05-09 19:08:56] [PAYMENT] STK Push sent | Phone: 254743535400 | Plan: hourly
[2026-05-09 19:12:20] [PAYMENT] STK Push sent | Phone: 254743535400 | Plan: daily
[2026-05-09 19:19:26] [PAYMENT] STK Push sent | Phone: 254743535400 | Plan: hourly
[2026-05-09 19:20:23] [PAYMENT] STK Push sent | Phone: 254743535400 | Plan: daily
[2026-05-09 19:28:18] [PAYMENT] STK Push sent | Phone: 254743535400 | Plan: hourly
[2026-05-09 19:30:57] [PAYMENT] STK Push sent | Phone: 254743535400 | Plan: hourly
[2026-05-09 19:36:55] [PAYMENT] STK Push sent | Phone: 254743535400 | Plan: hourly
[2026-05-09 19:41:16] [PAYMENT] STK Push sent | Phone: 254743535400 | Plan: hourly
[2026-05-09 19:44:46] [PAYMENT] STK Push sent | Phone: 254743535400 | Plan: hourly
[2026-05-09 19:45:12] [PAYMENT] STK Push sent | Phone: 254743535400 | Plan: hourly
[2026-05-09 19:55:06] [PAYMENT] STK Push sent | Phone: 254743535400 | Plan: hourly
[2026-05-09 19:58:21] [PAYMENT] STK Push sent | Phone: 254743535400 | Plan: daily
[2026-05-09 20:00:00] [PAYMENT] STK Push sent | Phone: 254743535400 | Plan: daily
[2026-05-09 20:09:10] [PAYMENT] STK Push sent | 254743535400 | daily
[2026-05-09 20:09:57] [PAYMENT] STK Push sent | 254743535400 | hourly
[2026-05-09 20:11:07] [PAYMENT] STK Push sent | 254743535400 | hourly
[2026-05-09 20:16:50] [PAYMENT] STK Push sent | 254743535400 | hourly
[2026-05-09 20:25:32] [PAYMENT] STK Push sent | 254743535400 | hourly
[2026-05-09 20:38:29] [PAYMENT] STK Push sent | 254743535400 | hourly
[2026-05-09 20:50:11] [PAYMENT] STK Push sent | 254743535400 | hourly
[2026-05-09 20:50:53] [PAYMENT] STK Push sent | 254743535400 | hourly
[2026-05-09 20:51:20] [PAYMENT] STK Push sent | 254743535400 | hourly
[2026-05-09 20:52:04] [PAYMENT] STK Push sent | 254743535400 | hourly
[2026-05-09 20:52:05] [PAYMENT] STK Push sent | 254743535400 | hourly
[2026-05-09 20:52:07] [PAYMENT] STK Push sent | 254743535400 | hourly
[2026-05-09 20:52:08] [PAYMENT] STK Push sent | 254743535400 | hourly
[2026-05-09 20:52:13] [PAYMENT] STK Push sent | 254743535400 | hourly
[2026-05-09 20:52:13] [PAYMENT] STK Push sent | 254743535400 | hourly
[2026-05-09 20:52:13] [PAYMENT] STK Push sent | 254743535400 | hourly
[2026-05-09 21:05:02] [PAYMENT] STK Push sent | 254743535400 | hourly
[2026-05-09 21:08:21] [PAYMENT] STK Push sent | 254743535400 | hourly
[2026-05-09 21:09:57] [PAYMENT] STK Push sent | 254743535400 | hourly
[2026-05-09 21:14:40] [PAYMENT] STK Push sent | 254743535400 | hourly
[2026-05-09 21:21:19] [PAYMENT] STK Push sent | 254743535400 | hourly
[2026-05-09 21:24:14] [PAYMENT] STK Push sent | 254743535400 | hourly
[2026-05-09 21:29:25] [PAYMENT] STK Push sent | 254743535400 | hourly
[2026-05-09 21:31:59] [PAYMENT] STK Push sent | 254743535400 | hourly
[2026-05-09 21:33:30] [PAYMENT] STK Push sent | 254743535400 | hourly
[2026-05-09 21:35:49] [PAYMENT] STK Push sent | 254743535400 | hourly
[2026-05-09 22:00:21] [PAYMENT] STK Push sent | 254743535400 | hourly
[2026-05-09 22:09:28] [PAYMENT] STK Push sent | 254743535400 | hourly
[2026-05-09 22:11:23] [PAYMENT] STK Push sent | 254743535400 | hourly
[2026-05-09 22:13:23] [PAYMENT] STK Push sent | 254743535400 | hourly
[2026-05-09 22:13:51] [PAYMENT] STK Push sent | 254743535400 | hourly
[2026-05-09 22:13:54] [PAYMENT] STK Push sent | 254743535400 | hourly
[2026-05-09 22:16:07] [PAYMENT] STK Push sent | 254743535400 | hourly
[2026-05-09 22:21:49] [PAYMENT] STK Push sent | 254743535400 | hourly
[2026-05-09 22:25:28] [PAYMENT] STK Push sent | 254743535400 | hourly
[2026-05-09 22:28:31] [PAYMENT] STK Push sent | 254743535400 | hourly
[2026-05-09 22:30:27] [PAYMENT] STK Push sent | 254743535400 | hourly
[2026-05-09 22:35:16] [PAYMENT] STK Push sent | 254743535400 | hourly
[2026-05-09 22:37:42] [PAYMENT] STK Push sent | 254743535400 | hourly
[2026-05-09 22:48:17] [PAYMENT] STK Push sent | 254743535400 | hourly
[2026-05-09 22:48:18] [PAYMENT] STK Push sent | 254743535400 | hourly
[2026-05-09 22:51:00] [PAYMENT] STK Push sent | 254743535400 | hourly
[2026-05-09 22:53:22] [PAYMENT] STK Push sent | 254743535400 | hourly
[2026-05-09 22:55:15] [PAYMENT] STK Push sent | 254743535400 | hourly
[2026-05-09 22:55:16] [PAYMENT] STK Push sent | 254743535400 | hourly
[2026-05-09 22:56:01] [PAYMENT] STK Push sent | 254743535400 | hourly
[2026-05-09 22:58:38] [PAYMENT] STK Push sent | 254743535400 | hourly
[2026-05-09 23:05:58] [PAYMENT] STK Push sent | 254743535400 | hourly
[2026-05-09 23:10:50] [PAYMENT] STK Push sent | 254743535400 | hourly
[2026-05-10 10:07:13] [PAYMENT] STK Push sent | 254743535400 | hourly
[2026-05-10 10:11:32] [PAYMENT] STK Push sent | 254743535400 | hourly
[2026-05-10 10:14:33] [PAYMENT] STK Push sent | 254743535400 | hourly
[2026-05-10 10:33:32] [PAYMENT] STK Push sent | 254743535400 | hourly
[2026-05-10 10:42:03] [PAYMENT] STK Push sent | 254743535400 | hourly
[2026-05-10 10:47:19] [PAYMENT] STK Push sent | 254743535400 | hourly
[2026-05-10 10:53:44] [PAYMENT] STK Push sent | 254743535400 | hourly
[2026-05-10 10:59:19] [PAYMENT] STK Push sent | 254743535400 | hourly
[2026-05-10 11:13:05] [PAYMENT] STK Push sent | 254743535400 | hourly
[2026-05-10 11:16:51] [PAYMENT] STK Push sent | 254743535400 | hourly
[2026-05-10 11:20:36] [PAYMENT] STK Push sent | 254743535400 | hourly
[2026-05-10 11:23:29] [PAYMENT] STK Push sent | 254743535400 | hourly
[2026-05-10 11:30:00] [PAYMENT] STK Push sent | 254743535400 | hourly
[2026-05-10 11:30:50] [PAYMENT] STK Push sent | 254743535400 | hourly
[2026-05-10 11:30:54] [PAYMENT] STK Push sent | 254743535400 | hourly
[2026-05-10 11:31:30] [PAYMENT] STK Push sent | 254743535400 | hourly
[2026-05-10 11:31:31] [PAYMENT] STK Push sent | 254743535400 | hourly
[2026-05-10 11:32:00] [PAYMENT] STK Push sent | 254743535400 | hourly
[2026-05-10 11:38:01] [PAYMENT] STK Push sent | 254743535400 | hourly
[2026-05-10 11:38:49] [PAYMENT] STK Push sent | 254743535400 | hourly
[2026-05-10 11:39:52] [PAYMENT] STK Push sent | 254743535400 | hourly
[2026-05-10 11:40:24] [PAYMENT] STK Push sent | 254743535400 | hourly
[2026-05-10 11:43:38] [PAYMENT] STK Push sent | 254743535400 | hourly
[2026-05-10 11:44:56] [PAYMENT] STK Push sent | 254743535400 | hourly
[2026-05-10 11:45:40] [PAYMENT] STK Push sent | 254743535400 | hourly
[2026-05-10 11:52:21] [PAYMENT] STK Push sent | 254743535400 | hourly
[2026-05-10 11:57:20] [PAYMENT] STK Push sent | 254743535400 | hourly
[2026-05-10 11:57:47] [PAYMENT] STK Push sent | 254743535400 | hourly
[2026-05-11 16:56:57] [PAYMENT] STK Push sent | 254743535400 | hourly
[2026-05-11 17:03:14] [PAYMENT] STK Push sent | 254743535400 | hourly
[2026-05-11 17:04:51] [PAYMENT] STK Push sent | 254743535400 | hourly
[2026-05-11 17:11:42] [PAYMENT] STK Push sent | 254743535400 | hourly
[2026-05-11 17:15:10] [PAYMENT] STK Push sent | 254743535400 | hourly
[2026-05-11 17:22:53] [PAYMENT] STK Push sent | 254743535400 | hourly
[2026-05-11 17:46:07] [PAYMENT] STK Push sent | 254743535400 | hourly
[2026-05-11 17:51:48] [PAYMENT] STK Push sent | 254743535400 | hourly
[2026-05-11 17:54:47] [PAYMENT] STK Push sent | 254743535400 | hourly
[2026-05-11 17:56:56] [PAYMENT] STK Push sent | 254743535400 | hourly
[2026-05-12 08:50:53] [PAYMENT] STK Push sent | 254743535400 | hourly
[2026-05-12 09:41:17] [PAYMENT] STK Push sent | 254743535400 | hourly
[2026-05-14 12:38:00] [PAYMENT] STK Push sent | 254743535400 | hourly
[2026-06-06 09:07:33] [PAYMENT] STK Push sent | 254712056477 | hourly
[2026-06-08 11:08:43] [PAYMENT] STK Push sent | 254743535400 | hourly
[2026-06-08 11:11:00] [PAYMENT] STK Push sent | 254797009862 | weekly
[2026-06-08 15:07:52] [PAYMENT] STK Push sent | 254743535400 | hourly
[2026-06-08 15:55:32] [PAYMENT] STK Push sent | 254743535400 | hourly
[2026-06-08 16:54:14] [PAYMENT] STK Push sent | 254743535400 | hourly
[2026-06-08 16:54:30] [PAYMENT] STK Push sent | 254743535400 | hourly
[2026-06-08 17:38:39] [PAYMENT] STK Push sent | 254743535400 | hourly
[2026-06-09 08:18:33] [PAYMENT] Transaction created TXN17809715109663VRC5G for 254743535400 / hourly
[2026-06-09 08:18:39] [PAYMENT] STK Push sent | 254743535400 | hourly
[2026-06-09 08:40:52] [PAYMENT] Transaction created TXN17809714778474RO4L3 for 254743535400 / hourly
[2026-06-09 08:40:56] [PAYMENT] STK Push sent | 254743535400 | hourly
[2026-06-09 08:52:54] [PAYMENT] Transaction created TXN1780973573860837Z68 for 254743535400 / hourly
[2026-06-09 08:52:58] [PAYMENT] STK Push sent | 254743535400 | hourly
[2026-06-09 11:16:43] [PAYMENT] Transaction created TXN1780982202853WJ9MPS for 254743535400 / hourly
[2026-06-09 11:16:54] [PAYMENT] STK Push sent | 254743535400 | hourly
[2026-06-12 10:44:04] [PAYMENT] Transaction created TXN1781239442199TADVYN for 254743535400 / hourly
[2026-06-12 10:44:17] [PAYMENT] STK Push sent | 254743535400 | hourly
[2026-06-12 11:20:56] [PAYMENT] Transaction created TXN1781241656548OFQECJ for 254794531240 / hourly
[2026-06-12 11:20:59] [PAYMENT] STK Push sent | 254794531240 | hourly
[2026-06-12 11:58:46] [PAYMENT] Transaction created TXN1781243926461UFGTY6 for 254743535400 / hourly
[2026-06-12 11:58:50] [PAYMENT] STK Push sent | 254743535400 | hourly
[2026-06-12 18:34:59] [PAYMENT] Transaction created TXN178126769744876DONQ for 254743535400 / hourly
[2026-06-12 18:35:05] [PAYMENT] STK Push sent | 254743535400 | hourly
[2026-06-12 18:49:33] [PAYMENT] Transaction created TXN1781268572950TYJEWV for 254743535400 / hourly
[2026-06-12 18:49:35] [PAYMENT] STK Push sent | 254743535400 | hourly
[2026-06-12 18:50:54] [PAYMENT] Transaction created TXN1781268653991647C57 for 254743535400 / hourly
[2026-06-12 18:50:57] [PAYMENT] STK Push sent | 254743535400 | hourly
[2026-06-12 19:41:54] [PAYMENT] Transaction created TXN1781271714378E2VJ8R for 254743535400 / hourly
[2026-06-12 19:41:57] [PAYMENT] STK Push sent | 254743535400 | hourly
[2026-06-12 19:50:19] [PAYMENT] Transaction created TXN17812722198153LPSDQ for 254768269476 / hourly
[2026-06-12 19:50:22] [PAYMENT] STK Push sent | 254768269476 | hourly
[2026-06-13 17:09:22] [PAYMENT] Transaction created TXN1781348962258V8D96H for 254743535400 / hourly
[2026-06-13 17:09:29] [PAYMENT] STK Push sent | 254743535400 | hourly
[2026-06-15 21:57:18] [PAYMENT] Transaction created TXN1781539037938TK3MKU for 254743535400 / hourly
[2026-06-15 21:57:19] [PAYMENT] Transaction created TXN17815390388458SPRLM for 254743535400 / hourly
[2026-06-15 21:57:22] [PAYMENT] Transaction created TXN1781539041236L21R6N for 254743535400 / hourly
[2026-06-15 21:57:25] [PAYMENT] STK Push sent | 254743535400 | hourly
[2026-06-15 21:57:27] [PAYMENT] STK Push sent | 254743535400 | hourly
[2026-06-15 21:57:29] [PAYMENT] STK Push sent | 254743535400 | hourly
[2026-06-15 21:58:10] [PAYMENT] Transaction created TXN17815390899963CXZWV for 254743535400 / hourly
[2026-06-15 21:58:43] [PAYMENT] STK Push sent | 254743535400 | hourly
[2026-06-15 21:58:48] [PAYMENT] Transaction created TXN1781539128088F1X4QX for 254743535400 / hourly
[2026-06-15 21:58:52] [PAYMENT] STK Push sent | 254743535400 | hourly
[2026-06-15 21:58:52] [PAYMENT] Transaction created TXN1781539132117SQ4HIN for 254743535400 / hourly
[2026-06-15 21:58:58] [PAYMENT] STK Push sent | 254743535400 | hourly
[2026-06-16 10:06:19] [PAYMENT] Transaction created TXN1781582779244X2A39X for 254743535400 / hourly
[2026-06-16 10:06:24] [PAYMENT] STK Push sent | 254743535400 | hourly
