[2026-05-09 18:13:15] [INFO] Payment initiated for 0743535400
[2026-05-09 18:13:15] [ERROR] Payment error: payment_pending.html
[2026-05-09 18:13:23] [INFO] Payment initiated for 0743535400
[2026-05-09 18:13:23] [ERROR] Payment error: payment_pending.html
[2026-05-09 18:13:33] [INFO] Payment initiated for 0743535400
[2026-05-09 18:13:33] [ERROR] Payment error: payment_pending.html
[2026-05-09 18:13:43] [INFO] Payment initiated for 0743535400
[2026-05-09 18:13:43] [ERROR] Payment error: payment_pending.html
[2026-05-09 18:14:58] [INFO] Payment initiated for 0743535400
[2026-05-09 18:27:51] [ERROR] Payment error: initiate_stk_push() got an unexpected keyword argument 'reference'
[2026-05-09 18:27:57] [ERROR] Payment error: initiate_stk_push() got an unexpected keyword argument 'reference'
[2026-05-09 18:28:02] [ERROR] Payment error: initiate_stk_push() got an unexpected keyword argument 'reference'
[2026-05-09 18:28:13] [ERROR] Payment error: initiate_stk_push() got an unexpected keyword argument 'reference'
[2026-05-09 18:28:20] [ERROR] Payment error: initiate_stk_push() got an unexpected keyword argument 'reference'
[2026-05-09 18:32:24] [ERROR] Payment error: initiate_stk_push() got an unexpected keyword argument 'reference'
[2026-05-09 18:32:29] [ERROR] Payment error: initiate_stk_push() got an unexpected keyword argument 'reference'
[2026-05-09 18:32:36] [ERROR] Payment error: initiate_stk_push() got an unexpected keyword argument 'reference'
[2026-05-09 18:37:39] [ERROR] Payment error: initiate_stk_push() got an unexpected keyword argument 'reference'
[2026-05-09 18:37:43] [ERROR] Payment error: initiate_stk_push() got an unexpected keyword argument 'reference'
[2026-05-09 18:42:39] [ERROR] Payment error: initiate_stk_push() got an unexpected keyword argument 'reference'
[2026-05-09 18:42:45] [ERROR] Payment error: initiate_stk_push() got an unexpected keyword argument 'reference'
[2026-05-09 18:43:01] [ERROR] Payment error: initiate_stk_push() got an unexpected keyword argument 'reference'
[2026-05-09 18:43:08] [ERROR] Payment error: initiate_stk_push() got an unexpected keyword argument 'reference'
[2026-05-09 18:43:14] [ERROR] Payment error: initiate_stk_push() got an unexpected keyword argument 'reference'
[2026-05-09 18:50:16] [ERROR] Payment error: initiate_stk_push() got an unexpected keyword argument 'reference'
[2026-05-09 18:51:58] [ERROR] Payment error: initiate_stk_push() got an unexpected keyword argument 'reference'
[2026-05-09 18:52:14] [ERROR] Payment error: initiate_stk_push() got an unexpected keyword argument 'reference'
[2026-05-09 18:56:43] [ERROR] Payment error: initiate_stk_push() got an unexpected keyword argument 'reference'
[2026-05-09 18:58:41] [ERROR] Payment error: type object 'Config' has no attribute 'LIPANA_API_KEY'
[2026-05-09 18:58:50] [ERROR] Payment error: type object 'Config' has no attribute 'LIPANA_API_KEY'
[2026-05-09 18:59:28] [ERROR] Payment error: type object 'Config' has no attribute 'LIPANA_API_KEY'
[2026-05-09 19:02:01] [INFO] Payment initiated for 254743535400
[2026-05-09 19:02:36] [INFO] Payment initiated for 254743535400
[2026-05-09 19:04:09] [INFO] Payment initiated for 254743535400
[2026-05-09 19:04:24] [INFO] Payment initiated for 254743535400
[2026-05-09 19:05:02] [INFO] Payment initiated for 254743535400
[2026-05-09 19:05:50] [INFO] Payment initiated for 254743535400
[2026-05-09 19:08:56] [INFO] Payment initiated for 254743535400
[2026-05-09 19:12:20] [INFO] Payment initiated for 254743535400
[2026-05-09 19:19:26] [INFO] Payment initiated for 254743535400
[2026-05-09 19:20:23] [INFO] Payment initiated for 254743535400
[2026-05-09 19:28:18] [INFO] Payment initiated for 254743535400
[2026-05-09 19:30:58] [INFO] Payment initiated for 254743535400
[2026-05-09 19:36:55] [INFO] Payment initiated for 254743535400
[2026-05-09 19:41:16] [INFO] Payment initiated for 254743535400
[2026-05-09 19:44:46] [INFO] Payment initiated for 254743535400
[2026-05-09 19:45:12] [INFO] Payment initiated for 254743535400
[2026-05-09 19:55:06] [INFO] Payment initiated for 254743535400
[2026-05-09 19:58:21] [INFO] Payment initiated for 254743535400
[2026-05-09 20:00:00] [INFO] Payment initiated for 254743535400
[2026-05-09 20:09:10] [INFO] Payment initiated: 254743535400
[2026-05-09 20:09:57] [INFO] Payment initiated: 254743535400
[2026-05-09 20:11:07] [INFO] Payment initiated: 254743535400
[2026-05-09 20:16:50] [INFO] Payment initiated: 254743535400
[2026-05-09 20:25:32] [INFO] Payment initiated: 254743535400
[2026-05-09 20:38:29] [INFO] Payment initiated: 254743535400
[2026-05-09 20:50:11] [INFO] Payment initiated: 254743535400
[2026-05-09 20:50:53] [INFO] Payment initiated: 254743535400
[2026-05-09 20:51:20] [INFO] Payment initiated: 254743535400
[2026-05-09 20:52:04] [INFO] Payment initiated: 254743535400
[2026-05-09 20:52:05] [INFO] Payment initiated: 254743535400
[2026-05-09 20:52:07] [INFO] Payment initiated: 254743535400
[2026-05-09 20:52:08] [INFO] Payment initiated: 254743535400
[2026-05-09 20:52:13] [INFO] Payment initiated: 254743535400
[2026-05-09 20:52:13] [INFO] Payment initiated: 254743535400
[2026-05-09 21:05:02] [INFO] Payment initiated: 254743535400
[2026-05-09 21:08:21] [INFO] Payment initiated: 254743535400
[2026-05-09 21:09:57] [INFO] Payment initiated: 254743535400
[2026-05-09 21:14:40] [INFO] Payment initiated: 254743535400
[2026-05-09 21:21:19] [INFO] Payment initiated: 254743535400
[2026-05-09 21:24:14] [INFO] Payment initiated: 254743535400
[2026-05-09 21:29:25] [INFO] Payment initiated: 254743535400
[2026-05-09 21:31:59] [INFO] Payment initiated: 254743535400
[2026-05-09 21:33:30] [INFO] Payment initiated: 254743535400
[2026-05-09 21:35:49] [INFO] Payment initiated: 254743535400
[2026-05-09 22:00:21] [INFO] Payment initiated: 254743535400
[2026-05-09 22:09:28] [INFO] Payment initiated: 254743535400
[2026-05-09 22:11:23] [INFO] Payment initiated: 254743535400
[2026-05-09 22:13:23] [INFO] Payment initiated: 254743535400
[2026-05-09 22:13:51] [INFO] Payment initiated: 254743535400
[2026-05-09 22:13:54] [INFO] Payment initiated: 254743535400
[2026-05-09 22:16:07] [INFO] Payment initiated: 254743535400
[2026-05-09 22:21:49] [INFO] Payment initiated: 254743535400
[2026-05-09 22:25:28] [INFO] Payment initiated: 254743535400
[2026-05-09 22:28:31] [INFO] Payment initiated: 254743535400
[2026-05-09 22:30:27] [INFO] Payment initiated: 254743535400
[2026-05-09 22:35:16] [INFO] Payment initiated: 254743535400
[2026-05-09 22:37:42] [INFO] Payment initiated: 254743535400
[2026-05-09 22:48:17] [INFO] Payment initiated: 254743535400
[2026-05-09 22:48:18] [INFO] Payment initiated: 254743535400
[2026-05-09 22:51:00] [INFO] Payment initiated: 254743535400
[2026-05-09 22:53:22] [INFO] Payment initiated: 254743535400
[2026-05-09 22:55:15] [INFO] Payment initiated: 254743535400
[2026-05-09 22:55:16] [INFO] Payment initiated: 254743535400
[2026-05-09 22:56:01] [INFO] Payment initiated: 254743535400
[2026-05-09 22:58:38] [INFO] Payment initiated: 254743535400
[2026-05-09 23:05:58] [INFO] Payment initiated: 254743535400
[2026-05-09 23:10:50] [INFO] Payment initiated: 254743535400
[2026-05-10 10:07:13] [INFO] Payment initiated: 254743535400
[2026-05-10 10:11:32] [INFO] Payment initiated: 254743535400
[2026-05-10 10:14:33] [INFO] Payment initiated: 254743535400
[2026-05-10 10:33:32] [INFO] Payment initiated: 254743535400
[2026-05-10 10:42:03] [INFO] Payment initiated: 254743535400
[2026-05-10 10:47:19] [INFO] Payment initiated: 254743535400
[2026-05-10 10:53:44] [INFO] Payment initiated: 254743535400
[2026-05-10 10:59:19] [INFO] Payment initiated: 254743535400
[2026-05-10 11:13:05] [INFO] Payment initiated: 254743535400
[2026-05-10 11:16:51] [INFO] Payment initiated: 254743535400
[2026-05-10 11:20:36] [INFO] Payment initiated: 254743535400
[2026-05-10 11:23:29] [INFO] Payment initiated: 254743535400
[2026-05-10 11:30:00] [INFO] Payment initiated: 254743535400
[2026-05-10 11:30:50] [INFO] Payment initiated: 254743535400
[2026-05-10 11:30:54] [INFO] Payment initiated: 254743535400
[2026-05-10 11:31:30] [INFO] Payment initiated: 254743535400
[2026-05-10 11:31:31] [INFO] Payment initiated: 254743535400
[2026-05-10 11:32:00] [INFO] Payment initiated: 254743535400
[2026-05-10 11:38:01] [INFO] Payment initiated: 254743535400
[2026-05-10 11:38:49] [INFO] Payment initiated: 254743535400
[2026-05-10 11:39:52] [INFO] Payment initiated: 254743535400
[2026-05-10 11:40:24] [INFO] Payment initiated: 254743535400
[2026-05-10 11:43:38] [INFO] Payment initiated: 254743535400
[2026-05-10 11:44:56] [INFO] Payment initiated: 254743535400
[2026-05-10 11:45:40] [INFO] Payment initiated: 254743535400
[2026-05-10 11:52:21] [INFO] Payment initiated: 254743535400
[2026-05-10 11:57:20] [INFO] Payment initiated: 254743535400
[2026-05-10 11:57:47] [INFO] Payment initiated: 254743535400
[2026-05-11 16:56:57] [INFO] Payment initiated: 254743535400
[2026-05-11 17:03:14] [INFO] Payment initiated: 254743535400
[2026-05-11 17:04:51] [INFO] Payment initiated: 254743535400
[2026-05-11 17:11:42] [INFO] Payment initiated: 254743535400
[2026-05-11 17:15:10] [INFO] Payment initiated: 254743535400
[2026-05-11 17:22:53] [INFO] Payment initiated: 254743535400
[2026-05-11 17:46:07] [INFO] Payment initiated: 254743535400
[2026-05-11 17:51:48] [INFO] Payment initiated: 254743535400
[2026-05-11 17:54:47] [INFO] Payment initiated: 254743535400
[2026-05-11 17:56:56] [INFO] Payment initiated: 254743535400
[2026-05-12 08:50:53] [INFO] Payment initiated: 254743535400
[2026-05-12 09:41:17] [INFO] Payment initiated: 254743535400
[2026-05-14 12:38:00] [INFO] Payment initiated: 254743535400
[2026-06-06 09:07:33] [INFO] Payment initiated: 254712056477
[2026-06-08 11:08:43] [INFO] Payment initiated: 254743535400
[2026-06-08 11:11:00] [INFO] Payment initiated: 254797009862
[2026-06-08 15:07:52] [INFO] Payment initiated: 254743535400
[2026-06-08 15:55:32] [INFO] Payment initiated: 254743535400
[2026-06-08 16:54:14] [INFO] Payment initiated: 254743535400
[2026-06-08 16:54:30] [INFO] Payment initiated: 254743535400
[2026-06-08 17:38:39] [INFO] Payment initiated: 254743535400
[2026-06-09 08:18:33] [ERROR] AUDIT ERROR: TXN17809715109663VRC5G / 1146 (42S02): Table 'wifi_system.audit_log' doesn't exist
[2026-06-09 08:18:39] [INFO] Payment initiated: 254743535400
[2026-06-09 08:40:52] [ERROR] AUDIT ERROR: TXN17809714778474RO4L3 / 1146 (42S02): Table 'wifi_system.audit_log' doesn't exist
[2026-06-09 08:40:56] [INFO] Payment initiated: 254743535400
[2026-06-09 08:52:54] [ERROR] AUDIT ERROR: TXN1780973573860837Z68 / 1146 (42S02): Table 'wifi_system.audit_log' doesn't exist
[2026-06-09 08:52:58] [INFO] Payment initiated: 254743535400
[2026-06-09 11:16:43] [ERROR] AUDIT ERROR: TXN1780982202853WJ9MPS / 1146 (42S02): Table 'wifi_system.audit_log' doesn't exist
[2026-06-09 11:16:54] [INFO] Payment initiated: 254743535400
[2026-06-09 18:19:50] [ERROR] MikroTik connection failed: [WinError 10061] No connection could be made because the target machine actively refused it
[2026-06-09 18:19:59] [ERROR] MikroTik connection failed: [WinError 10061] No connection could be made because the target machine actively refused it
[2026-06-09 18:20:40] [ERROR] MikroTik connection failed: [WinError 10061] No connection could be made because the target machine actively refused it
[2026-06-09 18:20:58] [ERROR] MikroTik connection failed: [WinError 10061] No connection could be made because the target machine actively refused it
[2026-06-12 10:44:04] [ERROR] AUDIT ERROR: TXN1781239442199TADVYN / 1146 (42S02): Table 'wifi_system.audit_log' doesn't exist
[2026-06-12 10:44:17] [INFO] Payment initiated: 254743535400
[2026-06-12 10:50:17] [ERROR] MikroTik connection failed: [WinError 10061] No connection could be made because the target machine actively refused it
[2026-06-12 11:06:29] [ERROR] MikroTik connection failed: [WinError 10061] No connection could be made because the target machine actively refused it
[2026-06-12 11:06:33] [ERROR] MikroTik connection failed: [WinError 10061] No connection could be made because the target machine actively refused it
[2026-06-12 11:06:35] [ERROR] MikroTik connection failed: [WinError 10061] No connection could be made because the target machine actively refused it
[2026-06-12 11:06:35] [ERROR] MikroTik connection failed: [WinError 10061] No connection could be made because the target machine actively refused it
[2026-06-12 11:06:36] [ERROR] MikroTik connection failed: [WinError 10061] No connection could be made because the target machine actively refused it
[2026-06-12 11:06:36] [ERROR] MikroTik connection failed: [WinError 10061] No connection could be made because the target machine actively refused it
[2026-06-12 11:06:45] [ERROR] MikroTik connection failed: [WinError 10061] No connection could be made because the target machine actively refused it
[2026-06-12 11:15:49] [ERROR] MikroTik connection failed: [WinError 10061] No connection could be made because the target machine actively refused it
[2026-06-12 11:20:56] [ERROR] AUDIT ERROR: TXN1781241656548OFQECJ / 1146 (42S02): Table 'wifi_system.audit_log' doesn't exist
[2026-06-12 11:20:59] [INFO] Payment initiated: 254794531240
[2026-06-12 11:56:36] [ERROR] MikroTik connection failed: [WinError 10061] No connection could be made because the target machine actively refused it
[2026-06-12 11:58:46] [ERROR] AUDIT ERROR: TXN1781243926461UFGTY6 / 1146 (42S02): Table 'wifi_system.audit_log' doesn't exist
[2026-06-12 11:58:50] [INFO] Payment initiated: 254743535400
[2026-06-12 18:34:59] [ERROR] AUDIT ERROR: TXN178126769744876DONQ / 1146 (42S02): Table 'wifi_system.audit_log' doesn't exist
[2026-06-12 18:35:05] [INFO] Payment initiated: 254743535400
[2026-06-12 18:49:33] [ERROR] AUDIT ERROR: TXN1781268572950TYJEWV / 1146 (42S02): Table 'wifi_system.audit_log' doesn't exist
[2026-06-12 18:49:35] [INFO] Payment initiated: 254743535400
[2026-06-12 18:50:54] [ERROR] AUDIT ERROR: TXN1781268653991647C57 / 1146 (42S02): Table 'wifi_system.audit_log' doesn't exist
[2026-06-12 18:50:57] [INFO] Payment initiated: 254743535400
[2026-06-12 19:41:54] [ERROR] AUDIT ERROR: TXN1781271714378E2VJ8R / 1146 (42S02): Table 'wifi_system.audit_log' doesn't exist
[2026-06-12 19:41:57] [INFO] Payment initiated: 254743535400
[2026-06-12 19:44:47] [ERROR] MikroTik connection failed: [WinError 10061] No connection could be made because the target machine actively refused it
[2026-06-12 19:50:20] [ERROR] AUDIT ERROR: TXN17812722198153LPSDQ / 1146 (42S02): Table 'wifi_system.audit_log' doesn't exist
[2026-06-12 19:50:22] [INFO] Payment initiated: 254768269476
[2026-06-13 17:09:22] [ERROR] AUDIT ERROR: TXN1781348962258V8D96H / 1146 (42S02): Table 'wifi_system.audit_log' doesn't exist
[2026-06-13 17:09:29] [INFO] Payment initiated: 254743535400
[2026-06-15 21:57:18] [ERROR] AUDIT ERROR: TXN1781539037938TK3MKU / 1146 (42S02): Table 'wifi_system.audit_log' doesn't exist
[2026-06-15 21:57:19] [ERROR] AUDIT ERROR: TXN17815390388458SPRLM / 1146 (42S02): Table 'wifi_system.audit_log' doesn't exist
[2026-06-15 21:57:22] [ERROR] AUDIT ERROR: TXN1781539041236L21R6N / 1146 (42S02): Table 'wifi_system.audit_log' doesn't exist
[2026-06-15 21:57:25] [INFO] Payment initiated: 254743535400
[2026-06-15 21:57:27] [INFO] Payment initiated: 254743535400
[2026-06-15 21:57:29] [INFO] Payment initiated: 254743535400
[2026-06-15 21:58:10] [ERROR] AUDIT ERROR: TXN17815390899963CXZWV / 1146 (42S02): Table 'wifi_system.audit_log' doesn't exist
[2026-06-15 21:58:43] [INFO] Payment initiated: 254743535400
[2026-06-15 21:58:48] [ERROR] AUDIT ERROR: TXN1781539128088F1X4QX / 1146 (42S02): Table 'wifi_system.audit_log' doesn't exist
[2026-06-15 21:58:52] [INFO] Payment initiated: 254743535400
[2026-06-15 21:58:52] [ERROR] AUDIT ERROR: TXN1781539132117SQ4HIN / 1146 (42S02): Table 'wifi_system.audit_log' doesn't exist
[2026-06-15 21:58:58] [INFO] Payment initiated: 254743535400
[2026-06-16 10:06:20] [ERROR] AUDIT ERROR: TXN1781582779244X2A39X / 1146 (42S02): Table 'wifi_system.audit_log' doesn't exist
[2026-06-16 10:06:24] [INFO] Payment initiated: 254743535400
